Starting...
Reading through corpus and building word embeddings...
read line 0
read line 2000
read line 4000
read line 6000
read line 8000
read line 10000
read line 12000
read line 14000
read line 16000
read line 18000
read line 20000
read line 22000
read line 24000
read line 26000
read line 28000
read line 30000
read line 32000
read line 34000
read line 36000
read line 38000
read line 40000
read line 42000
read line 44000
read line 46000
read line 48000
read line 50000
read line 52000
read line 54000
read line 56000
read line 58000
read line 60000
read line 62000
read line 64000
read line 66000
read line 68000
read line 70000
read line 72000
read line 74000
read line 76000
read line 78000
read line 80000
read line 82000
read line 84000
read line 86000
read line 88000
read line 90000
read line 92000
read line 94000
read line 96000
read line 98000
read line 100000
read line 102000
read line 104000
read line 106000
read line 108000
read line 110000
read line 112000
read line 114000
read line 116000
read line 118000
read line 120000
read line 122000
read line 124000
read line 126000
read line 128000
read line 130000
read line 132000
read line 134000
read line 136000
read line 138000
read line 140000
read line 142000
read line 144000
read line 146000
read line 148000
read line 150000
read line 152000
read line 154000
read line 156000
read line 158000
read line 160000
read line 162000
read line 164000
read line 166000
read line 168000
read line 170000
read line 172000
read line 174000
read line 176000
read line 178000
read line 180000
read line 182000
read line 184000
read line 186000
read line 188000
read line 190000
read line 192000
read line 194000
read line 196000
read line 198000
read line 200000
read line 202000
read line 204000
read line 206000
read line 208000
read line 210000
read line 212000
read line 214000
read line 216000
read line 218000
read line 220000
read line 222000
read line 224000
read line 226000
read line 228000
read line 230000
read line 232000
read line 234000
read line 236000
read line 238000
read line 240000
read line 242000
read line 244000
read line 246000
read line 248000
read line 250000
read line 252000
read line 254000
read line 256000
read line 258000
read line 260000
read line 262000
read line 264000
read line 266000
read line 268000
read line 270000
read line 272000
read line 274000
read line 276000
read line 278000
read line 280000
read line 282000
read line 284000
read line 286000
read line 288000
read line 290000
read line 292000
read line 294000
read line 296000
read line 298000
read line 300000
read line 302000
read line 304000
read line 306000
read line 308000
read line 310000
read line 312000
read line 314000
read line 316000
read line 318000
read line 320000
read line 322000
read line 324000
read line 326000
read line 328000
read line 330000
read line 332000
read line 334000
read line 336000
read line 338000
read line 340000
read line 342000
read line 344000
read line 346000
read line 348000
read line 350000
read line 352000
read line 354000
read line 356000
read line 358000
read line 360000
read line 362000
read line 364000
read line 366000
read line 368000
read line 370000
read line 372000
read line 374000
read line 376000
read line 378000
read line 380000
read line 382000
read line 384000
read line 386000
read line 388000
read line 390000
read line 392000
read line 394000
read line 396000
read line 398000
read line 400000
read line 402000
read line 404000
read line 406000
read line 408000
read line 410000
read line 412000
read line 414000
read line 416000
read line 418000
read line 420000
read line 422000
read line 424000
read line 426000
read line 428000
read line 430000
read line 432000
read line 434000
read line 436000
read line 438000
read line 440000
read line 442000
read line 444000
read line 446000
read line 448000
read line 450000
read line 452000
read line 454000
read line 456000
read line 458000
read line 460000
read line 462000
read line 464000
read line 466000
read line 468000
read line 470000
read line 472000
read line 474000
read line 476000
read line 478000
read line 480000
read line 482000
read line 484000
read line 486000
read line 488000
read line 490000
read line 492000
read line 494000
read line 496000
read line 498000
read line 500000
read line 502000
read line 504000
read line 506000
read line 508000
read line 510000
read line 512000
read line 514000
read line 516000
read line 518000
read line 520000
read line 522000
read line 524000
read line 526000
read line 528000
read line 530000
read line 532000
read line 534000
read line 536000
read line 538000
read line 540000
read line 542000
read line 544000
XGBClassifier(base_score=0.5, colsample_bylevel=1, colsample_bytree=1,
       gamma=0, learning_rate=0.1, max_delta_step=0, max_depth=3,
       min_child_weight=1, missing=None, n_estimators=100, nthread=-1,
       objective='binary:logistic', reg_alpha=0, reg_lambda=1,
       scale_pos_weight=1, seed=0, silent=True, subsample=1)
read sentiment 0
read sentiment 2000
read sentiment 4000
read sentiment 6000
read sentiment 8000
read sentiment 10000
read sentiment 12000
read sentiment 14000
read sentiment 16000
read sentiment 18000
read sentiment 20000
read sentiment 22000
read sentiment 24000
read sentiment 26000
read sentiment 28000
read sentiment 30000
read sentiment 32000
read sentiment 34000
read sentiment 36000
read sentiment 38000
read sentiment 40000
read sentiment 42000
read sentiment 44000
read sentiment 46000
read sentiment 48000
read sentiment 50000
read sentiment 52000
read sentiment 54000
read sentiment 56000
read sentiment 58000
read sentiment 60000
read sentiment 62000
read sentiment 64000
read sentiment 66000
read sentiment 68000
read sentiment 70000
read sentiment 72000
read sentiment 74000
read sentiment 76000
read sentiment 78000
read sentiment 80000
read sentiment 82000
read sentiment 84000
read sentiment 86000
read sentiment 88000
read sentiment 90000
read sentiment 92000
read sentiment 94000
read sentiment 96000
read sentiment 98000
read sentiment 100000
read sentiment 102000
read sentiment 104000
read sentiment 106000
read sentiment 108000
read sentiment 110000
read sentiment 112000
read sentiment 114000
read sentiment 116000
read sentiment 118000
read sentiment 120000
read sentiment 122000
read sentiment 124000
read sentiment 126000
read sentiment 128000
read sentiment 130000
read sentiment 132000
read sentiment 134000
read sentiment 136000
read sentiment 138000
read sentiment 140000
read sentiment 142000
read sentiment 144000
read sentiment 146000
read sentiment 148000
read sentiment 150000
read sentiment 152000
read sentiment 154000
read sentiment 156000
read sentiment 158000
read sentiment 160000
read sentiment 162000
read sentiment 164000
read sentiment 166000
read sentiment 168000
read sentiment 170000
read sentiment 172000
read sentiment 174000
read sentiment 176000
read sentiment 178000
read sentiment 180000
read sentiment 182000
read sentiment 184000
read sentiment 186000
read sentiment 188000
read sentiment 190000
read sentiment 192000
read sentiment 194000
read sentiment 196000
read sentiment 198000
read sentiment 200000
read sentiment 202000
read sentiment 204000
read sentiment 206000
read sentiment 208000
read sentiment 210000
read sentiment 212000
read sentiment 214000
read sentiment 216000
read sentiment 218000
read sentiment 220000
read sentiment 222000
read sentiment 224000
read sentiment 226000
read sentiment 228000
read sentiment 230000
read sentiment 232000
read sentiment 234000
read sentiment 236000
read sentiment 238000
read sentiment 240000
read sentiment 242000
read sentiment 244000
read sentiment 246000
read sentiment 248000
read sentiment 250000
read sentiment 252000
read sentiment 254000
read sentiment 256000
read sentiment 258000
read sentiment 260000
read sentiment 262000
read sentiment 264000
read sentiment 266000
read sentiment 268000
read sentiment 270000
read sentiment 272000
read sentiment 274000
read sentiment 276000
read sentiment 278000
read sentiment 280000
read sentiment 282000
read sentiment 284000
read sentiment 286000
read sentiment 288000
read sentiment 290000
read sentiment 292000
read sentiment 294000
read sentiment 296000
read sentiment 298000
read sentiment 300000
read sentiment 302000
read sentiment 304000
read sentiment 306000
read sentiment 308000
read sentiment 310000
read sentiment 312000
read sentiment 314000
read sentiment 316000
read sentiment 318000
read sentiment 320000
read sentiment 322000
read sentiment 324000
read sentiment 326000
read sentiment 328000
read sentiment 330000
read sentiment 332000
read sentiment 334000
read sentiment 336000
read sentiment 338000
read sentiment 340000
read sentiment 342000
read sentiment 344000
read sentiment 346000
read sentiment 348000
read sentiment 350000
read sentiment 352000
read sentiment 354000
read sentiment 356000
read sentiment 358000
read sentiment 360000
read sentiment 362000
read sentiment 364000
read sentiment 366000
read sentiment 368000
read sentiment 370000
read sentiment 372000
read sentiment 374000
read sentiment 376000
read sentiment 378000
read sentiment 380000
read sentiment 382000
read sentiment 384000
read sentiment 386000
read sentiment 388000
read sentiment 390000
read sentiment 392000
read sentiment 394000
read sentiment 396000
read sentiment 398000
read sentiment 400000
read sentiment 402000
read sentiment 404000
read sentiment 406000
read sentiment 408000
read sentiment 410000
read sentiment 412000
read sentiment 414000
read sentiment 416000
read sentiment 418000
read sentiment 420000
read sentiment 422000
read sentiment 424000
read sentiment 426000
read sentiment 428000
read sentiment 430000
read sentiment 432000
read sentiment 434000
read sentiment 436000
read sentiment 438000
read sentiment 440000
read sentiment 442000
read sentiment 444000
read sentiment 446000
read sentiment 448000
read sentiment 450000
read sentiment 452000
read sentiment 454000
read sentiment 456000
read sentiment 458000
read sentiment 460000
read sentiment 462000
read sentiment 464000
read sentiment 466000
read sentiment 468000
read sentiment 470000
read sentiment 472000
read sentiment 474000
read sentiment 476000
read sentiment 478000
read sentiment 480000
read sentiment 482000
read sentiment 484000
read sentiment 486000
read sentiment 488000
read sentiment 490000
read sentiment 492000
read sentiment 494000
read sentiment 496000
read sentiment 498000
read sentiment 500000
read sentiment 502000
read sentiment 504000
read sentiment 506000
read sentiment 508000
read sentiment 510000
read sentiment 512000
read sentiment 514000
read sentiment 516000
read sentiment 518000
read sentiment 520000
read sentiment 522000
read sentiment 524000
read sentiment 526000
read sentiment 528000
read sentiment 530000
read sentiment 532000
read sentiment 534000
read sentiment 536000
read sentiment 538000
read sentiment 540000
read sentiment 542000
read sentiment 544000
/home/danielwzou/miniconda3/lib/python3.6/site-packages/sklearn/cross_validation.py:41: DeprecationWarning: This module was deprecated in version 0.18 in favor of the model_selection module into which all the refactored classes and functions are moved. Also note that the interface of the new CV iterators are different from that of this module. This module will be removed in 0.20.
  "This module will be removed in 0.20.", DeprecationWarning)
/home/danielwzou/miniconda3/lib/python3.6/site-packages/sklearn/model_selection/_search.py:761: DeprecationWarning: The grid_scores_ attribute was deprecated in version 0.18 in favor of the more elaborate cv_results_ attribute. The grid_scores_ attribute will not be available from 0.20
  DeprecationWarning)
[mean: 0.76714, std: 0.00066, params: {'max_depth': 3, 'min_child_weight': 1}, mean: 0.76705, std: 0.00069, params: {'max_depth': 3, 'min_child_weight': 3}, mean: 0.76685, std: 0.00071, params: {'max_depth': 3, 'min_child_weight': 5}, mean: 0.79317, std: 0.00123, params: {'max_depth': 5, 'min_child_weight': 1}, mean: 0.79206, std: 0.00168, params: {'max_depth': 5, 'min_child_weight': 3}, mean: 0.79144, std: 0.00142, params: {'max_depth': 5, 'min_child_weight': 5}, mean: 0.81918, std: 0.00138, params: {'max_depth': 7, 'min_child_weight': 1}, mean: 0.81904, std: 0.00063, params: {'max_depth': 7, 'min_child_weight': 3}, mean: 0.81783, std: 0.00153, params: {'max_depth': 7, 'min_child_weight': 5}, mean: 0.84089, std: 0.00147, params: {'max_depth': 9, 'min_child_weight': 1}, mean: 0.84009, std: 0.00114, params: {'max_depth': 9, 'min_child_weight': 3}, mean: 0.83963, std: 0.00196, params: {'max_depth': 9, 'min_child_weight': 5}]
{'max_depth': 9, 'min_child_weight': 1}
0.840891826372