path=Doc2Vec/data_by_returns_small/pos
19940111_10-Q_edgar_data_40704_0000040704-94-000004_1.txt
19940111_10-Q_edgar_data_6845_0000950131-94-000012_1.txt
19940111_10-Q_edgar_data_777676_0000891618-94-000011_1.txt
19940112_10-Q-A_edgar_data_74154_0000074154-94-000004_1.txt
19940112_10-Q_edgar_data_23217_0000023217-94-000001_1.txt
19940112_10-Q_edgar_data_723254_0000723254-94-000001_1.txt
19940114_10-Q_edgar_data_87565_0000950152-94-000030_1.txt
19940128_10-K_edgar_data_315189_0000912057-94-000164_1.txt
19940128_10-K_edgar_data_47217_0000899243-94-000006_1.txt
19940128_10-Q_edgar_data_21076_0000021076-94-000001_1.txt
19940201_10-K-A_edgar_data_711404_0000950117-94-000025_1.txt
19940207_10-K-A_edgar_data_352541_0000897069-94-000025_1.txt
19940207_10-Q-A_edgar_data_749038_0000950112-94-000294_1.txt
19940207_10-Q_edgar_data_50493_0000950144-94-000266_1.txt
19940207_10-Q_edgar_data_69499_0000069499-94-000011_1.txt
19940207_10-Q_edgar_data_703361_0000703361-94-000009_1.txt
19940208_10-K_edgar_data_766421_0000766421-94-000003_1.txt
19940208_10-Q_edgar_data_356028_0000356028-94-000002_1.txt
19940209_10-Q_edgar_data_7084_0000007084-94-000001_1.txt
19940209_10-Q_edgar_data_721371_0000950152-94-000078_1.txt
path=Doc2Vec/data_by_returns_small/neg
19940104_10-Q_edgar_data_66382_0000950124-94-000059_1.txt
19940105_10-Q_edgar_data_909832_0000912057-94-000012_1.txt
19940106_10-K_edgar_data_38777_0000038777-94-000002_1.txt
19940106_10-Q_edgar_data_764478_0000912057-94-000018_1.txt
19940111_10-Q_edgar_data_74154_0000074154-94-000003_1.txt
19940113_10-Q_edgar_data_16918_0000891839-94-000005_1.txt
19940114_10-Q_edgar_data_355948_0000355948-94-000004_1.txt
19940114_10-Q_edgar_data_793074_0000793074-94-000003_1.txt
19940125_10-Q-A_edgar_data_72903_0000072903-94-000002_1.txt
19940125_10-Q_edgar_data_106040_0000892569-94-000025_1.txt
19940126_10-Q_edgar_data_320193_0000320193-94-000002_1.txt
19940128_10-K_edgar_data_711404_0000950117-94-000020_1.txt
19940128_10-K_edgar_data_72331_0000950152-94-000051_1.txt
19940207_10-Q_edgar_data_21510_0000912057-94-000209_1.txt
19940209_10-Q_edgar_data_8670_0000008670-94-000007_1.txt
19940210_10-Q_edgar_data_203527_0000891618-94-000034_1.txt
19940211_10-K_edgar_data_750577_0000950134-94-000106_1.txt
19940211_10-Q_edgar_data_34563_0000034563-94-000005_1.txt
19940211_10-Q_edgar_data_76334_0000076334-94-000002_1.txt
19940214_10-Q_edgar_data_2969_0000950123-94-000364_1.txt
path=Doc2Vec/data_by_returns/pos
19940111_10-Q_edgar_data_40704_0000040704-94-000004_1.txt
19940111_10-Q_edgar_data_6845_0000950131-94-000012_1.txt
19940111_10-Q_edgar_data_777676_0000891618-94-000011_1.txt
19940112_10-Q-A_edgar_data_74154_0000074154-94-000004_1.txt
19940112_10-Q_edgar_data_23217_0000023217-94-000001_1.txt
19940112_10-Q_edgar_data_723254_0000723254-94-000001_1.txt
19940114_10-Q_edgar_data_87565_0000950152-94-000030_1.txt
19940128_10-K_edgar_data_315189_0000912057-94-000164_1.txt
19940128_10-K_edgar_data_47217_0000899243-94-000006_1.txt
19940128_10-Q_edgar_data_21076_0000021076-94-000001_1.txt
19940201_10-K-A_edgar_data_711404_0000950117-94-000025_1.txt
19940207_10-K-A_edgar_data_352541_0000897069-94-000025_1.txt
19940207_10-Q-A_edgar_data_749038_0000950112-94-000294_1.txt
19940207_10-Q_edgar_data_50493_0000950144-94-000266_1.txt
19940207_10-Q_edgar_data_69499_0000069499-94-000011_1.txt
19940207_10-Q_edgar_data_703361_0000703361-94-000009_1.txt
19940208_10-K_edgar_data_766421_0000766421-94-000003_1.txt
19940208_10-Q_edgar_data_356028_0000356028-94-000002_1.txt
19940209_10-Q_edgar_data_7084_0000007084-94-000001_1.txt
19940209_10-Q_edgar_data_721371_0000950152-94-000078_1.txt
path=Doc2Vec/data_by_returns/neg
19940104_10-Q_edgar_data_66382_0000950124-94-000059_1.txt
19940105_10-Q_edgar_data_909832_0000912057-94-000012_1.txt
19940106_10-K_edgar_data_38777_0000038777-94-000002_1.txt
19940106_10-Q_edgar_data_764478_0000912057-94-000018_1.txt
19940111_10-Q_edgar_data_74154_0000074154-94-000003_1.txt
19940113_10-Q_edgar_data_16918_0000891839-94-000005_1.txt
19940114_10-Q_edgar_data_355948_0000355948-94-000004_1.txt
19940114_10-Q_edgar_data_793074_0000793074-94-000003_1.txt
19940125_10-Q-A_edgar_data_72903_0000072903-94-000002_1.txt
19940125_10-Q_edgar_data_106040_0000892569-94-000025_1.txt
19940126_10-Q_edgar_data_320193_0000320193-94-000002_1.txt
19940128_10-K_edgar_data_711404_0000950117-94-000020_1.txt
19940128_10-K_edgar_data_72331_0000950152-94-000051_1.txt
19940207_10-Q_edgar_data_21510_0000912057-94-000209_1.txt
19940209_10-Q_edgar_data_8670_0000008670-94-000007_1.txt
19940210_10-Q_edgar_data_203527_0000891618-94-000034_1.txt
19940211_10-K_edgar_data_750577_0000950134-94-000106_1.txt
19940211_10-Q_edgar_data_34563_0000034563-94-000005_1.txt
19940211_10-Q_edgar_data_76334_0000076334-94-000002_1.txt
19940214_10-Q_edgar_data_2969_0000950123-94-000364_1.txt
path=Doc2Vec/data/pos
19940111_10-Q_edgar_data_40704_0000040704-94-000004_1.txt
19940111_10-Q_edgar_data_6845_0000950131-94-000012_1.txt
19940111_10-Q_edgar_data_777676_0000891618-94-000011_1.txt
19940112_10-Q-A_edgar_data_74154_0000074154-94-000004_1.txt
19940112_10-Q_edgar_data_23217_0000023217-94-000001_1.txt
19940112_10-Q_edgar_data_723254_0000723254-94-000001_1.txt
19940114_10-Q_edgar_data_87565_0000950152-94-000030_1.txt
19940128_10-K_edgar_data_315189_0000912057-94-000164_1.txt
19940128_10-K_edgar_data_47217_0000899243-94-000006_1.txt
19940128_10-Q_edgar_data_21076_0000021076-94-000001_1.txt
19940201_10-K-A_edgar_data_711404_0000950117-94-000025_1.txt
19940207_10-K-A_edgar_data_352541_0000897069-94-000025_1.txt
19940207_10-Q-A_edgar_data_749038_0000950112-94-000294_1.txt
19940207_10-Q_edgar_data_50493_0000950144-94-000266_1.txt
19940207_10-Q_edgar_data_69499_0000069499-94-000011_1.txt
19940207_10-Q_edgar_data_703361_0000703361-94-000009_1.txt
19940208_10-K_edgar_data_766421_0000766421-94-000003_1.txt
19940208_10-Q_edgar_data_356028_0000356028-94-000002_1.txt
19940209_10-Q_edgar_data_7084_0000007084-94-000001_1.txt
19940209_10-Q_edgar_data_721371_0000950152-94-000078_1.txt
path=Doc2Vec/data/neg
19940104_10-Q_edgar_data_66382_0000950124-94-000059_1.txt
19940105_10-Q_edgar_data_909832_0000912057-94-000012_1.txt
19940106_10-K_edgar_data_38777_0000038777-94-000002_1.txt
19940106_10-Q_edgar_data_764478_0000912057-94-000018_1.txt
19940111_10-Q_edgar_data_74154_0000074154-94-000003_1.txt
19940113_10-Q_edgar_data_16918_0000891839-94-000005_1.txt
19940114_10-Q_edgar_data_355948_0000355948-94-000004_1.txt
19940114_10-Q_edgar_data_793074_0000793074-94-000003_1.txt
19940125_10-Q-A_edgar_data_72903_0000072903-94-000002_1.txt
19940125_10-Q_edgar_data_106040_0000892569-94-000025_1.txt
19940126_10-Q_edgar_data_320193_0000320193-94-000002_1.txt
19940128_10-K_edgar_data_711404_0000950117-94-000020_1.txt
19940128_10-K_edgar_data_72331_0000950152-94-000051_1.txt
19940207_10-Q_edgar_data_21510_0000912057-94-000209_1.txt
19940209_10-Q_edgar_data_8670_0000008670-94-000007_1.txt
19940210_10-Q_edgar_data_203527_0000891618-94-000034_1.txt
19940211_10-K_edgar_data_750577_0000950134-94-000106_1.txt
19940211_10-Q_edgar_data_34563_0000034563-94-000005_1.txt
19940211_10-Q_edgar_data_76334_0000076334-94-000002_1.txt
19940214_10-Q_edgar_data_2969_0000950123-94-000364_1.txt
path=Doc2Vec/data_small/pos
19940111_10-Q_edgar_data_40704_0000040704-94-000004_1.txt
19940111_10-Q_edgar_data_6845_0000950131-94-000012_1.txt
19940111_10-Q_edgar_data_777676_0000891618-94-000011_1.txt
19940112_10-Q-A_edgar_data_74154_0000074154-94-000004_1.txt
19940112_10-Q_edgar_data_23217_0000023217-94-000001_1.txt
19940112_10-Q_edgar_data_723254_0000723254-94-000001_1.txt
19940114_10-Q_edgar_data_87565_0000950152-94-000030_1.txt
19940128_10-K_edgar_data_315189_0000912057-94-000164_1.txt
19940128_10-K_edgar_data_47217_0000899243-94-000006_1.txt
19940128_10-Q_edgar_data_21076_0000021076-94-000001_1.txt
19940201_10-K-A_edgar_data_711404_0000950117-94-000025_1.txt
19940207_10-K-A_edgar_data_352541_0000897069-94-000025_1.txt
19940207_10-Q-A_edgar_data_749038_0000950112-94-000294_1.txt
19940207_10-Q_edgar_data_50493_0000950144-94-000266_1.txt
19940207_10-Q_edgar_data_69499_0000069499-94-000011_1.txt
19940207_10-Q_edgar_data_703361_0000703361-94-000009_1.txt
19940208_10-K_edgar_data_766421_0000766421-94-000003_1.txt
19940208_10-Q_edgar_data_356028_0000356028-94-000002_1.txt
19940209_10-Q_edgar_data_7084_0000007084-94-000001_1.txt
19940209_10-Q_edgar_data_721371_0000950152-94-000078_1.txt
path=Doc2Vec/data_small/neg
19940104_10-Q_edgar_data_66382_0000950124-94-000059_1.txt
19940105_10-Q_edgar_data_909832_0000912057-94-000012_1.txt
19940106_10-K_edgar_data_38777_0000038777-94-000002_1.txt
19940106_10-Q_edgar_data_764478_0000912057-94-000018_1.txt
19940111_10-Q_edgar_data_74154_0000074154-94-000003_1.txt
19940113_10-Q_edgar_data_16918_0000891839-94-000005_1.txt
19940114_10-Q_edgar_data_355948_0000355948-94-000004_1.txt
19940114_10-Q_edgar_data_793074_0000793074-94-000003_1.txt
19940125_10-Q-A_edgar_data_72903_0000072903-94-000002_1.txt
19940125_10-Q_edgar_data_106040_0000892569-94-000025_1.txt
19940126_10-Q_edgar_data_320193_0000320193-94-000002_1.txt
19940128_10-K_edgar_data_711404_0000950117-94-000020_1.txt
19940128_10-K_edgar_data_72331_0000950152-94-000051_1.txt
19940207_10-Q_edgar_data_21510_0000912057-94-000209_1.txt
19940209_10-Q_edgar_data_8670_0000008670-94-000007_1.txt
19940210_10-Q_edgar_data_203527_0000891618-94-000034_1.txt
19940211_10-K_edgar_data_750577_0000950134-94-000106_1.txt
19940211_10-Q_edgar_data_34563_0000034563-94-000005_1.txt
19940211_10-Q_edgar_data_76334_0000076334-94-000002_1.txt
19940214_10-Q_edgar_data_2969_0000950123-94-000364_1.txt
path=Doc2Vec/data_by_returns_small/train/pos
19950330_10-K_edgar_data_108772_0000108772-95-000005_1.txt
19950330_10-K_edgar_data_318154_0000318154-95-000008_1.txt
19950330_10-K_edgar_data_36146_0000950134-95-000552_1.txt
19950330_10-K_edgar_data_57528_0000950144-95-000845_1.txt
19950330_10-K_edgar_data_783325_0000107815-95-000003_1.txt
19950330_10-K_edgar_data_793952_0000950131-95-000813_1.txt
19950330_10-K_edgar_data_799167_0000912057-95-001979_1.txt
19950330_10-K_edgar_data_804753_0000804753-95-000025_1.txt
19950330_10-K_edgar_data_8818_0000898430-95-000424_1.txt
19950330_10-K_edgar_data_90498_0000090498-95-000020_1.txt
19950330_10-K_edgar_data_9626_0000009626-95-000004_1.txt
19950330_10-Q-A_edgar_data_819220_0000892251-95-000026_1.txt
19950330_10-Q-A_edgar_data_819220_0000892251-95-000027_2.txt
19950331_10-K405_edgar_data_29332_0000029332-95-000002_1.txt
19950331_10-K405_edgar_data_750577_0000950134-95-000613_1.txt
19950331_10-K405_edgar_data_790359_0000790359-95-000009_1.txt
19950331_10-K405_edgar_data_802681_0000950109-95-001081_1.txt
19950331_10-K405_edgar_data_813672_0000891618-95-000167_1.txt
19950331_10-K_edgar_data_30697_0000030697-95-000008_1.txt
19950331_10-K_edgar_data_36029_0000036029-95-000004_1.txt
path=Doc2Vec/data_by_returns_small/train/neg
19940104_10-K-A_edgar_data_70415_0000070415-94-000005_1.txt
19940104_10-Q-A_edgar_data_70415_0000070415-94-000006_1.txt
19940105_10-Q_edgar_data_84129_0000893220-94-000010_1.txt
19940105_10-Q_edgar_data_909832_0000912057-94-000012_1.txt
19940106_10-K-A_edgar_data_726977_0000950124-94-000081_1.txt
19940107_10-K-A_edgar_data_40518_0000040518-94-000001_1.txt
19940107_10-Q_edgar_data_75288_0000075288-94-000004_1.txt
19940110_10-Q_edgar_data_278130_0000897423-94-000002_1.txt
19940110_10-Q_edgar_data_717954_0000950135-94-000006_1.txt
19940110_10-Q_edgar_data_96879_0000096879-94-000004_1.txt
19940111_10-K-A_edgar_data_107687_0000897101-94-000004_1.txt
19940111_10-Q_edgar_data_40704_0000040704-94-000004_1.txt
19940111_10-Q_edgar_data_74154_0000074154-94-000003_1.txt
19940111_10-Q_edgar_data_777676_0000891618-94-000011_1.txt
19940112_10-K_edgar_data_61478_0000912057-94-000081_1.txt
19940112_10-Q-A_edgar_data_74154_0000074154-94-000004_1.txt
19940112_10-Q_edgar_data_16099_0000016099-94-000009_1.txt
19940112_10-Q_edgar_data_23217_0000023217-94-000001_1.txt
19940112_10-Q_edgar_data_27425_0000950152-94-000021_1.txt
19940112_10-Q_edgar_data_357294_0000357294-94-000002_1.txt
path=Doc2Vec/data_by_returns_small/test/pos
19940104_10-Q_edgar_data_66382_0000950124-94-000059_1.txt
19940106_10-K_edgar_data_38777_0000038777-94-000002_1.txt
19940106_10-Q_edgar_data_764478_0000912057-94-000018_1.txt
19940114_10-Q_edgar_data_793074_0000793074-94-000003_1.txt
19940114_10-Q_edgar_data_87565_0000950152-94-000030_1.txt
19940125_10-Q_edgar_data_106040_0000892569-94-000025_1.txt
19940126_10-Q_edgar_data_320193_0000320193-94-000002_1.txt
19940128_10-K_edgar_data_315189_0000912057-94-000164_1.txt
19940128_10-K_edgar_data_47217_0000899243-94-000006_1.txt
19940128_10-K_edgar_data_711404_0000950117-94-000020_1.txt
19940128_10-K_edgar_data_72331_0000950152-94-000051_1.txt
19940128_10-Q_edgar_data_21076_0000021076-94-000001_1.txt
19940201_10-K-A_edgar_data_711404_0000950117-94-000025_1.txt
19940207_10-K-A_edgar_data_352541_0000897069-94-000025_1.txt
19940207_10-Q_edgar_data_50493_0000950144-94-000266_1.txt
19940207_10-Q_edgar_data_703361_0000703361-94-000009_1.txt
19940209_10-Q_edgar_data_721371_0000950152-94-000078_1.txt
19940209_10-Q_edgar_data_8670_0000008670-94-000007_1.txt
19940210_10-Q_edgar_data_203527_0000891618-94-000034_1.txt
19940210_10-Q_edgar_data_57515_0000950152-94-000086_1.txt
path=Doc2Vec/data_by_returns_small/test/neg
19940107_10-Q_edgar_data_351346_0000351346-94-000002_1.txt
19940110_10-K-A_edgar_data_70145_0000070145-94-000003_1.txt
19940111_10-Q_edgar_data_107687_0000897101-94-000003_1.txt
19940111_10-Q_edgar_data_355999_0000912057-94-000080_1.txt
19940111_10-Q_edgar_data_6845_0000950131-94-000012_1.txt
19940112_10-Q_edgar_data_744106_0000950123-94-000131_1.txt
19940113_10-Q_edgar_data_105076_0000916480-94-000003_1.txt
19940113_10-Q_edgar_data_51410_0000051410-94-000004_1.txt
19940113_10-Q_edgar_data_718482_0000718482-94-000002_1.txt
19940113_10-Q_edgar_data_97472_0000912057-94-000087_1.txt
19940114_10-Q_edgar_data_104599_0000104599-94-000002_1.txt
19940114_10-Q_edgar_data_90896_0000090896-94-000006_1.txt
19940118_10-Q_edgar_data_95521_0000950131-94-000027_1.txt
19940126_10-K_edgar_data_60302_0000060302-94-000004_1.txt
19940126_10-Q-A_edgar_data_85974_0000912057-94-000150_1.txt
19940127_10-K_edgar_data_808450_0000808450-94-000002_1.txt
19940128_10-Q_edgar_data_277923_0000906280-94-000005_1.txt
19940203_10-Q_edgar_data_55772_0000055772-94-000003_1.txt
19940204_10-Q_edgar_data_14195_0000950124-94-000247_1.txt
19940204_10-Q_edgar_data_722077_0000722077-94-000002_1.txt
path=Doc2Vec/data_small/train/pos
19940111_10-Q_edgar_data_777676_0000891618-94-000011_1.txt
19940112_10-Q_edgar_data_23217_0000023217-94-000001_1.txt
19940112_10-Q_edgar_data_723254_0000723254-94-000001_1.txt
19940114_10-Q_edgar_data_87565_0000950152-94-000030_1.txt
19940128_10-K_edgar_data_315189_0000912057-94-000164_1.txt
19940128_10-K_edgar_data_47217_0000899243-94-000006_1.txt
19940128_10-Q_edgar_data_21076_0000021076-94-000001_1.txt
19940201_10-K-A_edgar_data_711404_0000950117-94-000025_1.txt
19940207_10-K-A_edgar_data_352541_0000897069-94-000025_1.txt
19940207_10-Q-A_edgar_data_749038_0000950112-94-000294_1.txt
19940207_10-Q_edgar_data_50493_0000950144-94-000266_1.txt
19940207_10-Q_edgar_data_69499_0000069499-94-000011_1.txt
19940207_10-Q_edgar_data_703361_0000703361-94-000009_1.txt
19940208_10-K_edgar_data_766421_0000766421-94-000003_1.txt
19940209_10-Q_edgar_data_7084_0000007084-94-000001_1.txt
19940209_10-Q_edgar_data_80424_0000080424-94-000002_1.txt
19940210_10-Q_edgar_data_57515_0000950152-94-000086_1.txt
19940211_10-Q_edgar_data_10795_0000950130-94-000201_1.txt
19940211_10-Q_edgar_data_202058_0000950152-94-000101_1.txt
19940214_10-Q_edgar_data_78749_0000950152-94-000108_1.txt
path=Doc2Vec/data_small/train/neg
19940104_10-Q_edgar_data_66382_0000950124-94-000059_1.txt
19940106_10-K_edgar_data_38777_0000038777-94-000002_1.txt
19940106_10-Q_edgar_data_764478_0000912057-94-000018_1.txt
19940111_10-Q_edgar_data_74154_0000074154-94-000003_1.txt
19940113_10-Q_edgar_data_16918_0000891839-94-000005_1.txt
19940114_10-Q_edgar_data_355948_0000355948-94-000004_1.txt
19940114_10-Q_edgar_data_793074_0000793074-94-000003_1.txt
19940125_10-Q-A_edgar_data_72903_0000072903-94-000002_1.txt
19940128_10-K_edgar_data_711404_0000950117-94-000020_1.txt
19940128_10-K_edgar_data_72331_0000950152-94-000051_1.txt
19940207_10-Q_edgar_data_21510_0000912057-94-000209_1.txt
19940209_10-Q_edgar_data_8670_0000008670-94-000007_1.txt
19940210_10-Q_edgar_data_203527_0000891618-94-000034_1.txt
19940211_10-K_edgar_data_750577_0000950134-94-000106_1.txt
19940211_10-Q_edgar_data_34563_0000034563-94-000005_1.txt
19940211_10-Q_edgar_data_76334_0000076334-94-000002_1.txt
19940214_10-Q_edgar_data_2969_0000950123-94-000364_1.txt
19940214_10-Q_edgar_data_319201_0000891618-94-000046_1.txt
19940214_10-Q_edgar_data_32604_0000032604-94-000004_1.txt
19940214_10-Q_edgar_data_38777_0000038777-94-000089_1.txt
path=Doc2Vec/data_small/test/pos
19940111_10-Q_edgar_data_40704_0000040704-94-000004_1.txt
19940111_10-Q_edgar_data_6845_0000950131-94-000012_1.txt
19940112_10-Q-A_edgar_data_74154_0000074154-94-000004_1.txt
19940208_10-Q_edgar_data_356028_0000356028-94-000002_1.txt
19940209_10-Q_edgar_data_721371_0000950152-94-000078_1.txt
19940210_10-Q_edgar_data_52988_0000898430-94-000094_1.txt
19940211_10-Q_edgar_data_96021_0000096021-94-000003_1.txt
19940228_10-K_edgar_data_352541_0000897069-94-000044_1.txt
19940307_10-K_edgar_data_66740_0000066740-94-000007_1.txt
19940307_10-K_edgar_data_66740_0000066740-94-000013_2.txt
19940311_10-Q_edgar_data_16732_0000950116-94-000025_1.txt
19940318_10-K-A_edgar_data_2969_0000950123-94-000538_1.txt
19940318_10-K_edgar_data_91440_0000912057-94-000964_1.txt
19940321_10-K_edgar_data_827052_0000950150-94-000418_1.txt
19940323_10-K-A_edgar_data_20520_0000950130-94-000458_1.txt
19940323_10-K-A_edgar_data_715787_0000950144-94-000658_1.txt
19940325_10-K_edgar_data_50863_0000891618-94-000087_1.txt
19940325_10-K_edgar_data_800240_0000950124-94-000599_1.txt
19940329_10-K_edgar_data_109380_0000950149-94-000073_1.txt
19940329_10-K_edgar_data_36032_0000950144-94-000743_1.txt
path=Doc2Vec/data_small/test/neg
19940105_10-Q_edgar_data_909832_0000912057-94-000012_1.txt
19940125_10-Q_edgar_data_106040_0000892569-94-000025_1.txt
19940126_10-Q_edgar_data_320193_0000320193-94-000002_1.txt
19940214_10-Q_edgar_data_46765_0000950134-94-000112_1.txt
19940222_10-K_edgar_data_63754_0000063754-94-000009_1.txt
19940303_10-K_edgar_data_1800_0000912057-94-000771_1.txt
19940311_10-Q_edgar_data_6281_0000950135-94-000140_1.txt
19940314_10-K_edgar_data_26093_0000912057-94-000904_1.txt
19940321_10-K_edgar_data_6769_0000950129-94-000191_1.txt
19940322_10-K_edgar_data_315213_0000912057-94-001011_1.txt
19940322_10-K_edgar_data_54480_0000054480-94-000009_1.txt
19940328_10-K_edgar_data_277135_0000277135-94-000001_1.txt
19940328_10-K_edgar_data_356130_0000356130-94-000007_1.txt
19940328_10-K_edgar_data_765880_0000765880-94-000012_1.txt
19940328_10-K_edgar_data_850693_0000892569-94-000085_1.txt
19940329_10-K_edgar_data_58492_0000912057-94-001099_1.txt
19940329_10-K_edgar_data_63908_0000063908-94-000013_1.txt
19940329_10-K_edgar_data_858470_0000950129-94-000232_1.txt
19940330_10-K_edgar_data_103973_0000103973-94-000013_1.txt
19940331_10-K-A_edgar_data_800240_0000950124-94-000679_1.txt
path=Doc2Vec/data_small/valid/pos
19971023_10-Q_edgar_data_1023731_0000891618-97-004212_1.txt
19971024_10KSB-A_edgar_data_874292_0000930661-97-002450_1.txt
19971024_10-Q_edgar_data_33488_0000950152-97-007371_1.txt
19971028_10-Q_edgar_data_910406_0000910406-97-000004_1.txt
19971029_10-Q_edgar_data_277948_0000277948-97-000023_1.txt
19971029_10-Q_edgar_data_820096_0000950137-97-003541_1.txt
19971031_10-Q_edgar_data_79716_0000079716-97-000012_1.txt
19971107_10-Q_edgar_data_103973_0000103973-97-000013_1.txt
19971107_10-Q_edgar_data_106535_0000106535-97-000031_1.txt
19971107_10-Q_edgar_data_63276_0000063276-97-000043_1.txt
19971107_10-Q_edgar_data_77877_0000077877-97-000012_1.txt
19971107_10-Q_edgar_data_819220_0000950152-97-007695_1.txt
19971107_10-Q_edgar_data_880117_0000880117-97-000011_1.txt
19971110_10-K405_edgar_data_887733_0000929624-97-001352_1.txt
19971110_10-K_edgar_data_909832_0001047469-97-003493_1.txt
19971110_10-Q_edgar_data_1017303_0000914039-97-000340_1.txt
19971110_10-Q_edgar_data_22356_0000022356-97-000019_1.txt
19971110_10-Q_edgar_data_719220_0000719220-97-000013_1.txt
19971110_10-Q_edgar_data_73309_0000950168-97-003212_1.txt
19971110_10-Q_edgar_data_797468_0000944209-97-001487_1.txt
path=Doc2Vec/data_small/valid/neg
19970514_10-Q_edgar_data_1005409_0001005409-97-000013_1.txt
19970514_10-Q_edgar_data_1027183_0000928385-97-000855_1.txt
19970514_10-Q_edgar_data_19612_0000905729-97-000080_1.txt
19970514_10-Q_edgar_data_21076_0000021076-97-000005_1.txt
19970514_10-Q_edgar_data_2488_0000950109-97-004074_1.txt
19970514_10-Q_edgar_data_34563_0000034563-97-000006_1.txt
19970514_10-Q_edgar_data_702165_0000702165-97-000014_1.txt
19970514_10-Q_edgar_data_707605_0000707605-97-000004_1.txt
19970514_10-Q_edgar_data_773910_0000773910-97-000002_1.txt
19970514_10-Q_edgar_data_816956_0000914317-97-000232_1.txt
19970514_10-Q_edgar_data_822662_0000950144-97-005648_1.txt
19970514_10-Q_edgar_data_895456_0000950152-97-003905_1.txt
19970514_10-Q_edgar_data_902791_0000892917-97-000093_1.txt
19970515_10-K-A_edgar_data_874396_0000874396-97-000012_1.txt
19970515_10-Q_edgar_data_1024126_0000912057-97-018115_1.txt
19970515_10-Q_edgar_data_1024478_0001024478-97-000006_1.txt
19970515_10-Q_edgar_data_108312_0000108312-97-000004_1.txt
19970515_10-Q_edgar_data_29002_0000950150-97-000784_1.txt
19970515_10-Q_edgar_data_315709_0000890566-97-001177_1.txt
19970515_10-Q_edgar_data_350852_0000350852-97-000003_1.txt
