Using TensorFlow backend.
Starting...
Reading through corpus and building word embeddings...
read line 9999
read line 19999
read line 29999
read line 39999
read line 49999
read line 59999
read line 69999
read line 79999
read line 89999
read line 99999
read line 109999
read line 119999
read line 129999
read line 139999
read line 149999
read line 159999
read line 169999
read line 179999
read line 189999
read line 199999
read line 209999
read line 219999
read line 229999
read line 239999
read line 249999
read line 259999
read line 269999
read line 279999
read line 289999
read line 299999
read line 309999
read line 319999
read line 329999
read line 339999
read line 349999
read line 359999
read line 369999
read line 379999
read line 389999
read line 399999
read line 409999
read line 419999
read line 429999
read line 439999
read line 449999
read line 459999
read line 469999
read line 479999
Traceback (most recent call last):
  File "tf-idf-30-day-returns.py", line 44, in <module>
    embedded = vectorizer.fit_transform(corpus)
  File "/home/jovyan/.local/lib/python3.6/site-packages/sklearn/feature_extraction/text.py", line 1381, in fit_transform
    X = super(TfidfVectorizer, self).fit_transform(raw_documents)
  File "/home/jovyan/.local/lib/python3.6/site-packages/sklearn/feature_extraction/text.py", line 869, in fit_transform
    self.fixed_vocabulary_)
  File "/home/jovyan/.local/lib/python3.6/site-packages/sklearn/feature_extraction/text.py", line 790, in _count_vocab
    for doc in raw_documents:
  File "tf-idf-30-day-returns.py", line 9, in read_corpus
    for line_no, line in enumerate(file):
OSError: [Errno 12] Cannot allocate memory
