Starting...
Reading through corpus and building word embeddings...
read line 0
Performing logistic regression with 5-fold cross-validation
read sentiment 0
Traceback (most recent call last):
  File "tf-idf-30-day-returns.py", line 67, in <module>
    scores = cross_validate(clf, embedded, [label for label in labels], scoring=scoring, cv=5, return_train_score=False)
  File "/home/jovyan/.local/lib/python3.6/site-packages/sklearn/model_selection/_validation.py", line 206, in cross_validate
    for train, test in cv.split(X, y, groups))
  File "/home/jovyan/.local/lib/python3.6/site-packages/sklearn/externals/joblib/parallel.py", line 779, in __call__
    while self.dispatch_one_batch(iterator):
  File "/home/jovyan/.local/lib/python3.6/site-packages/sklearn/externals/joblib/parallel.py", line 625, in dispatch_one_batch
    self._dispatch(tasks)
  File "/home/jovyan/.local/lib/python3.6/site-packages/sklearn/externals/joblib/parallel.py", line 588, in _dispatch
    job = self._backend.apply_async(batch, callback=cb)
  File "/home/jovyan/.local/lib/python3.6/site-packages/sklearn/externals/joblib/_parallel_backends.py", line 111, in apply_async
    result = ImmediateResult(func)
  File "/home/jovyan/.local/lib/python3.6/site-packages/sklearn/externals/joblib/_parallel_backends.py", line 332, in __init__
    self.results = batch()
  File "/home/jovyan/.local/lib/python3.6/site-packages/sklearn/externals/joblib/parallel.py", line 131, in __call__
    return [func(*args, **kwargs) for func, args, kwargs in self.items]
  File "/home/jovyan/.local/lib/python3.6/site-packages/sklearn/externals/joblib/parallel.py", line 131, in <listcomp>
    return [func(*args, **kwargs) for func, args, kwargs in self.items]
  File "/home/jovyan/.local/lib/python3.6/site-packages/sklearn/model_selection/_validation.py", line 458, in _fit_and_score
    estimator.fit(X_train, y_train, **fit_params)
  File "/home/jovyan/.local/lib/python3.6/site-packages/sklearn/linear_model/logistic.py", line 1233, in fit
    sample_weight=sample_weight)
  File "/home/jovyan/.local/lib/python3.6/site-packages/sklearn/svm/base.py", line 853, in _fit_liblinear
    " class: %r" % classes_[0])
ValueError: This solver needs samples of at least 2 classes in the data, but the data contains only one class: '0'
jovyan@44bed9f93a1c:~/text-analytics-for-accountancy/Doc2Vec$ vim tf-idf-30-day-returns.py
