Starting quarter 2013/QTR2
Processor time 63.047647000000005
Running time 481.4599072933197
Starting quarter 2013/QTR3
Processor time 52.221097
Running time 351.26873803138733
Starting quarter 2013/QTR4
Processor time 50.31174
Running time 346.67692375183105
Starting quarter 2012/QTR1
Processor time 55.845394
Running time 449.7299907207489
Starting quarter 2012/QTR2
Processor time 57.42596800000001
Running time 404.50253200531006
Starting quarter 2012/QTR3
Processor time 58.68292199999996
Running time 372.029657125473
Starting quarter 2012/QTR4
Processor time 51.02520900000002
Running time 345.03996205329895
Starting quarter 2011/QTR1
Processor time 57.79861100000005
Running time 470.4449899196625
Starting quarter 2011/QTR2
Processor time 57.53979700000002
Running time 406.2429893016815
Starting quarter 2011/QTR3
Processor time 61.61507999999998
Running time 390.2475788593292
Starting quarter 2011/QTR4
Processor time 53.452515999999946
Running time 366.41650557518005
Starting quarter 2010/QTR1
Processor time 54.914716
Running time 475.22584199905396
Starting quarter 2010/QTR2
Processor time 59.21939400000008
Running time 419.0349724292755
Starting quarter 2010/QTR3
Processor time 53.066803999999934
Running time 376.180632352829
Starting quarter 2010/QTR4
Processor time 52.111470000000054
Running time 381.18854212760925
Starting quarter 2009/QTR1
Processor time 54.99195999999995
Running time 499.7301640510559
Starting quarter 2009/QTR2
Processor time 59.46749999999997
Running time 446.2077305316925
Starting quarter 2009/QTR3
Processor time 52.998962000000006
Running time 391.3705999851227
Starting quarter 2009/QTR4
Processor time 52.38543799999991
Running time 392.2888445854187
Starting quarter 2008/QTR1
Processor time 56.731620999999905
Running time 507.3671429157257
Starting quarter 2008/QTR2
Processor time 64.892605
Running time 475.7717218399048
Starting quarter 2008/QTR3
Processor time 58.06025499999987
Running time 423.3400197029114
Starting quarter 2008/QTR4
Processor time 53.84401600000001
Running time 407.0499520301819
Starting quarter 2007/QTR1
Processor time 50.96162499999991
Running time 469.55938601493835
Starting quarter 2007/QTR2
Processor time 68.68799399999989
Running time 526.8470423221588
Starting quarter 2007/QTR3
Processor time 54.788340999999946
Running time 422.2531621456146
Starting quarter 2007/QTR4
Processor time 54.37845500000003
Running time 428.9056169986725
Starting quarter 2006/QTR1
Processor time 0.0015750000000025466
Running time 0.0019063949584960938
Starting quarter 2006/QTR2
Processor time 5.499999997482519e-05
Running time 5.602836608886719e-05
Starting quarter 2006/QTR3
Processor time 5.800000008093775e-05
Running time 5.841255187988281e-05
Starting quarter 2006/QTR4
Processor time 4.899999998997373e-05
Running time 4.9114227294921875e-05
Starting quarter 2005/QTR1
Processor time 50.13532600000008
Running time 499.1873686313629
Starting quarter 2005/QTR2
Processor time 61.33776899999998
Running time 495.24846625328064
Starting quarter 2005/QTR3
Processor time 53.36896900000011
Running time 422.58374977111816
Starting quarter 2005/QTR4
Processor time 52.32352300000002
Running time 433.8204724788666
Starting quarter 2004/QTR1
Processor time 47.42093399999999
Running time 485.68251395225525
Starting quarter 2004/QTR2
Processor time 54.23415399999999
Running time 454.2760226726532
Starting quarter 2004/QTR3
Processor time 48.17752500000006
Running time 404.81044340133667
Starting quarter 2004/QTR4
Processor time 48.75125600000001
Running time 413.7273416519165
Starting quarter 2003/QTR1
Processor time 43.13240300000007
Running time 470.35254430770874
Starting quarter 2003/QTR2
Processor time 53.87619900000004
Running time 473.92616963386536
Starting quarter 2003/QTR3
Processor time 46.76119000000017
Running time 416.13708305358887
Starting quarter 2003/QTR4
Processor time 45.535163999999895
Running time 415.3012955188751
Starting quarter 2002/QTR1
Processor time 34.85103200000003
Running time 372.0385413169861
Starting quarter 2002/QTR2
Processor time 56.811740999999984
Running time 519.4335095882416
Starting quarter 2002/QTR3
Processor time 44.16237000000001
Running time 391.8820786476135
Starting quarter 2002/QTR4
Processor time 44.07700300000033
Running time 406.53504157066345
Starting quarter 2001/QTR1
Processor time 31.650190999999722
Running time 345.40403008461
Starting quarter 2001/QTR2
Processor time 52.84500600000001
Running time 491.0844554901123
Starting quarter 2001/QTR3
Processor time 37.1293169999999
Running time 340.39729285240173
Starting quarter 2001/QTR4
Processor time 40.691563000000315
Running time 358.45170283317566
Starting quarter 2000/QTR1
Processor time 32.884227999999894
Running time 387.63838243484497
Starting quarter 2000/QTR2
Processor time 39.13653699999986
Running time 357.8138451576233
Starting quarter 2000/QTR3
Processor time 36.13467499999979
Running time 337.21075558662415
Starting quarter 2000/QTR4
Processor time 36.30666100000008
Running time 337.5485486984253
Starting quarter 1999/QTR1
Processor time 26.599091000000044
Running time 340.25268387794495
Starting quarter 1999/QTR2
Processor time 31.290333999999802
Running time 311.13742661476135
Starting quarter 1999/QTR3
Processor time 29.131572000000233
Running time 278.96602392196655
Starting quarter 1999/QTR4
Processor time 30.385685000000194
Running time 292.3618280887604
Starting quarter 1998/QTR1
Processor time 22.238267000000178
Running time 302.0985424518585
Starting quarter 1998/QTR2
Processor time 27.687193000000207
Running time 279.3152849674225
Starting quarter 1998/QTR3
Processor time 24.693033999999898
Running time 249.49694085121155
Starting quarter 1998/QTR4
Processor time 24.175443000000087
Running time 250.80213260650635
Starting quarter 1997/QTR1
Processor time 19.683553000000302
Running time 269.7640788555145
Starting quarter 1997/QTR2
Processor time 23.155633999999736
Running time 243.77227520942688
Starting quarter 1997/QTR3
Processor time 21.189236999999594
Running time 235.86538004875183
Starting quarter 1997/QTR4
Processor time 21.46540899999991
Running time 228.8366663455963
Starting quarter 1996/QTR1
Processor time 8.702600000000075
Running time 126.77930903434753
Starting quarter 1996/QTR2
Processor time 16.705468999999994
Running time 185.50992488861084
Starting quarter 1996/QTR3
Processor time 18.21673899999996
Running time 198.9975187778473
Starting quarter 1996/QTR4
Processor time 18.759789000000183
Running time 198.59526181221008
Starting quarter 1995/QTR1
Processor time 4.957151000000067
Running time 76.63468194007874
Starting quarter 1995/QTR2
Processor time 7.532893000000058
Running time 80.39808130264282
Starting quarter 1995/QTR3
Processor time 8.220338999999967
Running time 91.09608817100525
Starting quarter 1995/QTR4
Processor time 8.868085999999948
Running time 101.3979024887085
Starting quarter 1994/QTR1
Processor time 2.9725259999995615
Running time 49.206711292266846
Starting quarter 1994/QTR2
Processor time 3.462844000000132
Running time 41.06343412399292
Starting quarter 1994/QTR3
Processor time 3.2381130000003395
Running time 39.64029240608215
Starting quarter 1994/QTR4
Processor time 3.6379610000003595
Running time 41.856542348861694
Total processor time 3019.1782590000003
Total running time 25970.72536754608
