Starting quarter 2013/QTR2
Processor time 7.817319999999995
Running time 49.323153257369995
Starting quarter 2013/QTR3
Processor time 7.656227999999999
Running time 103.22616195678711
Starting quarter 2013/QTR4
Processor time 7.4378300000000195
Running time 115.10206890106201
Starting quarter 2012/QTR1
Processor time 7.776176000000021
Running time 125.3414556980133
Starting quarter 2012/QTR2
Processor time 8.604214000000013
Running time 109.56788301467896
Starting quarter 2012/QTR3
Processor time 8.50890400000003
Running time 114.09952187538147
Starting quarter 2012/QTR4
Processor time 7.410393999999997
Running time 108.73568558692932
Starting quarter 2011/QTR1
Processor time 7.998190999999963
Running time 131.47765183448792
Starting quarter 2011/QTR2
Processor time 8.440697
Running time 114.18749237060547
Starting quarter 2011/QTR3
Processor time 9.022942
Running time 121.36636996269226
Starting quarter 2011/QTR4
Processor time 8.277419000000009
Running time 112.92100667953491
Starting quarter 2010/QTR1
Processor time 7.547154000000035
Running time 169.93294072151184
Starting quarter 2010/QTR2
Processor time 7.418558000000019
Running time 44.68314719200134
Starting quarter 2010/QTR3
Processor time 6.978701000000001
Running time 45.06899428367615
Starting quarter 2010/QTR4
Processor time 6.737681000000009
Running time 42.39549207687378
Starting quarter 2009/QTR1
Processor time 6.94449000000003
Running time 48.961766719818115
Starting quarter 2009/QTR2
Processor time 7.157775000000015
Running time 46.47823524475098
Starting quarter 2009/QTR3
Processor time 6.52891900000003
Running time 46.952940702438354
Starting quarter 2009/QTR4
Processor time 6.417683000000011
Running time 41.959819078445435
Starting quarter 2008/QTR1
Processor time 6.608177000000012
Running time 47.41450881958008
Starting quarter 2008/QTR2
Processor time 7.674995999999965
Running time 44.746259450912476
Starting quarter 2008/QTR3
Processor time 7.007803000000024
Running time 43.37235474586487
Starting quarter 2008/QTR4
Processor time 6.5654669999999555
Running time 45.86623239517212
Starting quarter 2007/QTR1
Processor time 5.960193000000004
Running time 43.43241548538208
Starting quarter 2007/QTR2
Processor time 8.239529000000005
Running time 45.89686608314514
Starting quarter 2007/QTR3
Processor time 7.271184000000005
Running time 41.61039066314697
Starting quarter 2007/QTR4
Processor time 6.8268170000000055
Running time 40.73299598693848
Starting quarter 2006/QTR1
Processor time 0.0011010000000055697
Running time 0.0015544891357421875
Starting quarter 2006/QTR2
Processor time 7.399999998369822e-05
Running time 7.43865966796875e-05
Starting quarter 2006/QTR3
Processor time 5.300000003671812e-05
Running time 5.340576171875e-05
Starting quarter 2006/QTR4
Processor time 4.3000000005122274e-05
Running time 4.38690185546875e-05
Starting quarter 2005/QTR1
Processor time 6.157481000000018
Running time 42.34338188171387
Starting quarter 2005/QTR2
Processor time 7.909424999999999
Running time 43.30623459815979
Starting quarter 2005/QTR3
Processor time 6.602517000000034
Running time 37.35798501968384
Starting quarter 2005/QTR4
Processor time 6.857006000000013
Running time 38.35279178619385
Starting quarter 2004/QTR1
Processor time 6.114835999999968
Running time 52.58452558517456
Starting quarter 2004/QTR2
Processor time 6.7577629999999544
Running time 72.05124521255493
Starting quarter 2004/QTR3
Processor time 6.246313999999984
Running time 73.0576844215393
Starting quarter 2004/QTR4
Processor time 6.443700000000035
Running time 72.60692882537842
Starting quarter 2003/QTR1
Processor time 5.485772999999995
Running time 90.87835121154785
Starting quarter 2003/QTR2
Processor time 6.586853999999903
Running time 69.0359537601471
Starting quarter 2003/QTR3
Processor time 5.981859999999983
Running time 74.37251782417297
Starting quarter 2003/QTR4
Processor time 5.490669000000025
Running time 70.10426640510559
Starting quarter 2002/QTR1
Processor time 4.048335999999949
Running time 76.981210231781
Starting quarter 2002/QTR2
Processor time 7.222766000000092
Running time 69.35762882232666
Starting quarter 2002/QTR3
Processor time 5.9538029999999935
Running time 58.240899324417114
Starting quarter 2002/QTR4
Processor time 5.429325000000063
Running time 61.043747901916504
Starting quarter 2001/QTR1
Processor time 4.137768999999935
Running time 57.15251708030701
Starting quarter 2001/QTR2
Processor time 7.269360000000006
Running time 83.00479221343994
Starting quarter 2001/QTR3
Processor time 5.7615710000000036
Running time 69.46598553657532
Starting quarter 2001/QTR4
Processor time 5.535866999999939
Running time 71.63488674163818
Starting quarter 2000/QTR1
Processor time 4.165433000000007
Running time 78.122549533844
Starting quarter 2000/QTR2
Processor time 5.288556999999969
Running time 70.5128755569458
Starting quarter 2000/QTR3
Processor time 5.013054000000011
Running time 64.62781643867493
Starting quarter 2000/QTR4
Processor time 5.401083000000085
Running time 62.064812660217285
Starting quarter 1999/QTR1
Processor time 3.623945000000049
Running time 67.48076915740967
Starting quarter 1999/QTR2
Processor time 4.575551999999902
Running time 60.054492235183716
Starting quarter 1999/QTR3
Processor time 4.300721000000067
Running time 52.3116569519043
Starting quarter 1999/QTR4
Processor time 4.330327000000011
Running time 52.604323863983154
Starting quarter 1998/QTR1
Processor time 3.551394999999957
Running time 64.29094052314758
Starting quarter 1998/QTR2
Processor time 3.7724380000000792
Running time 50.70923209190369
Starting quarter 1998/QTR3
Processor time 3.4054889999999887
Running time 49.83660960197449
Starting quarter 1998/QTR4
Processor time 3.736427000000049
Running time 48.27476382255554
Starting quarter 1997/QTR1
Processor time 2.9469609999999875
Running time 52.70259094238281
Starting quarter 1997/QTR2
Processor time 3.329093999999941
Running time 42.848310232162476
Starting quarter 1997/QTR3
Processor time 3.077576000000022
Running time 39.91871356964111
Starting quarter 1997/QTR4
Processor time 3.0527680000000146
Running time 41.1514310836792
Starting quarter 1996/QTR1
Processor time 1.4817449999999326
Running time 27.323397397994995
Starting quarter 1996/QTR2
Processor time 2.9581060000000434
Running time 32.220157861709595
Starting quarter 1996/QTR3
Processor time 2.891050000000064
Running time 35.989970207214355
Starting quarter 1996/QTR4
Processor time 2.760304000000019
Running time 36.64572334289551
Starting quarter 1995/QTR1
Processor time 0.916341999999986
Running time 19.509241819381714
Starting quarter 1995/QTR2
Processor time 1.3456690000000435
Running time 17.740230798721313
Starting quarter 1995/QTR3
Processor time 1.402900999999929
Running time 18.39650535583496
Starting quarter 1995/QTR4
Processor time 1.5470559999999978
Running time 18.33177876472473
Starting quarter 1994/QTR1
Processor time 0.5593330000000378
Running time 12.795828819274902
Starting quarter 1994/QTR2
Processor time 0.6530609999999797
Running time 9.085453987121582
Starting quarter 1994/QTR3
Processor time 0.5723780000000716
Running time 9.12307620048523
Starting quarter 1994/QTR4
Processor time 0.7011019999999917
Running time 9.21886420249939
Total processor time 404.19610199999994
Total running time 4471.6903965473175
