Connection open processor time: 0.01081999999999994
AAPL Return on 2016-07-27: 0.0660938202179
Parsed title: ('320193', '2016-07-27')
isPos = True
isPos processor time: 0.009667000000000092
Folders already made.
Folders already made.
Folders already made.
Folders already made.
Folders already made.
Connection open processor time: 0.0002630000000000132
AAPL Return on 2016-07-27: 0.0660938202179
Parsed title: ('320193', '2016-07-27')
isPos = True
isPos processor time: 0.008627000000000051
Folders already made.
Folders already made.
Folders already made.
Folders already made.
Folders already made.
