Process started...
Preparing dataset...
Processing 50122 files, 200 at a time in train/pos
Finished processing 0 files in memory, aggregated 0 total files so far
Finished processing 1000 files in memory, aggregated 0 total files so far
Finished processing 2000 files in memory, aggregated 0 total files so far
Finished processing 3000 files in memory, aggregated 0 total files so far
Finished processing 4000 files in memory, aggregated 0 total files so far
data/aggregated-train-pos-0.txt aggregated
Finished processing 5000 files in memory, aggregated 5000 total files so far
Finished processing 6000 files in memory, aggregated 5000 total files so far
Finished processing 7000 files in memory, aggregated 5000 total files so far
Finished processing 8000 files in memory, aggregated 5000 total files so far
Finished processing 9000 files in memory, aggregated 5000 total files so far
data/aggregated-train-pos-5000.txt aggregated
Finished processing 10000 files in memory, aggregated 10000 total files so far
Finished processing 11000 files in memory, aggregated 10000 total files so far
Finished processing 12000 files in memory, aggregated 10000 total files so far
Finished processing 13000 files in memory, aggregated 10000 total files so far
Finished processing 14000 files in memory, aggregated 10000 total files so far
data/aggregated-train-pos-10000.txt aggregated
Finished processing 15000 files in memory, aggregated 15000 total files so far
Finished processing 16000 files in memory, aggregated 15000 total files so far
Finished processing 17000 files in memory, aggregated 15000 total files so far
Finished processing 18000 files in memory, aggregated 15000 total files so far
Finished processing 19000 files in memory, aggregated 15000 total files so far
data/aggregated-train-pos-15000.txt aggregated
Finished processing 20000 files in memory, aggregated 20000 total files so far
Finished processing 21000 files in memory, aggregated 20000 total files so far
Finished processing 22000 files in memory, aggregated 20000 total files so far
Finished processing 23000 files in memory, aggregated 20000 total files so far
Finished processing 24000 files in memory, aggregated 20000 total files so far
data/aggregated-train-pos-20000.txt aggregated
Finished processing 25000 files in memory, aggregated 25000 total files so far
Finished processing 26000 files in memory, aggregated 25000 total files so far
Finished processing 27000 files in memory, aggregated 25000 total files so far
Finished processing 28000 files in memory, aggregated 25000 total files so far
Finished processing 29000 files in memory, aggregated 25000 total files so far
data/aggregated-train-pos-25000.txt aggregated
Finished processing 30000 files in memory, aggregated 30000 total files so far
Finished processing 31000 files in memory, aggregated 30000 total files so far
Finished processing 32000 files in memory, aggregated 30000 total files so far
Finished processing 33000 files in memory, aggregated 30000 total files so far
Finished processing 34000 files in memory, aggregated 30000 total files so far
data/aggregated-train-pos-30000.txt aggregated
Finished processing 35000 files in memory, aggregated 35000 total files so far
Finished processing 36000 files in memory, aggregated 35000 total files so far
Finished processing 37000 files in memory, aggregated 35000 total files so far
Finished processing 38000 files in memory, aggregated 35000 total files so far
Finished processing 39000 files in memory, aggregated 35000 total files so far
data/aggregated-train-pos-35000.txt aggregated
Finished processing 40000 files in memory, aggregated 40000 total files so far
Finished processing 41000 files in memory, aggregated 40000 total files so far
Finished processing 42000 files in memory, aggregated 40000 total files so far
Finished processing 43000 files in memory, aggregated 40000 total files so far
Finished processing 44000 files in memory, aggregated 40000 total files so far
data/aggregated-train-pos-40000.txt aggregated
Finished processing 45000 files in memory, aggregated 45000 total files so far
Finished processing 46000 files in memory, aggregated 45000 total files so far
Finished processing 47000 files in memory, aggregated 45000 total files so far
Finished processing 48000 files in memory, aggregated 45000 total files so far
Finished processing 49000 files in memory, aggregated 45000 total files so far
data/aggregated-train-pos-45000.txt aggregated
Finished processing 50000 files in memory, aggregated 50000 total files so far
data/aggregated-train-pos-50000.txt aggregated
Processing 52040 files, 200 at a time in train/neg
Finished processing 0 files in memory, aggregated 50122 total files so far
Finished processing 1000 files in memory, aggregated 50122 total files so far
Finished processing 2000 files in memory, aggregated 50122 total files so far
Finished processing 3000 files in memory, aggregated 50122 total files so far
Finished processing 4000 files in memory, aggregated 50122 total files so far
data/aggregated-train-neg-50122.txt aggregated
Finished processing 5000 files in memory, aggregated 55122 total files so far
Finished processing 6000 files in memory, aggregated 55122 total files so far
Finished processing 7000 files in memory, aggregated 55122 total files so far
Finished processing 8000 files in memory, aggregated 55122 total files so far
Finished processing 9000 files in memory, aggregated 55122 total files so far
data/aggregated-train-neg-55122.txt aggregated
Finished processing 10000 files in memory, aggregated 60122 total files so far
Finished processing 11000 files in memory, aggregated 60122 total files so far
Finished processing 12000 files in memory, aggregated 60122 total files so far
Finished processing 13000 files in memory, aggregated 60122 total files so far
Finished processing 14000 files in memory, aggregated 60122 total files so far
data/aggregated-train-neg-60122.txt aggregated
Finished processing 15000 files in memory, aggregated 65122 total files so far
Finished processing 16000 files in memory, aggregated 65122 total files so far
Finished processing 17000 files in memory, aggregated 65122 total files so far
Finished processing 18000 files in memory, aggregated 65122 total files so far
Finished processing 19000 files in memory, aggregated 65122 total files so far
data/aggregated-train-neg-65122.txt aggregated
Finished processing 20000 files in memory, aggregated 70122 total files so far
Finished processing 21000 files in memory, aggregated 70122 total files so far
Finished processing 22000 files in memory, aggregated 70122 total files so far
Finished processing 23000 files in memory, aggregated 70122 total files so far
Finished processing 24000 files in memory, aggregated 70122 total files so far
data/aggregated-train-neg-70122.txt aggregated
Finished processing 25000 files in memory, aggregated 75122 total files so far
Finished processing 26000 files in memory, aggregated 75122 total files so far
Finished processing 27000 files in memory, aggregated 75122 total files so far
Finished processing 28000 files in memory, aggregated 75122 total files so far
Finished processing 29000 files in memory, aggregated 75122 total files so far
data/aggregated-train-neg-75122.txt aggregated
Finished processing 30000 files in memory, aggregated 80122 total files so far
Finished processing 31000 files in memory, aggregated 80122 total files so far
Finished processing 32000 files in memory, aggregated 80122 total files so far
Finished processing 33000 files in memory, aggregated 80122 total files so far
Finished processing 34000 files in memory, aggregated 80122 total files so far
data/aggregated-train-neg-80122.txt aggregated
Finished processing 35000 files in memory, aggregated 85122 total files so far
Finished processing 36000 files in memory, aggregated 85122 total files so far
Finished processing 37000 files in memory, aggregated 85122 total files so far
Finished processing 38000 files in memory, aggregated 85122 total files so far
Finished processing 39000 files in memory, aggregated 85122 total files so far
data/aggregated-train-neg-85122.txt aggregated
Finished processing 40000 files in memory, aggregated 90122 total files so far
Finished processing 41000 files in memory, aggregated 90122 total files so far
Finished processing 42000 files in memory, aggregated 90122 total files so far
Finished processing 43000 files in memory, aggregated 90122 total files so far
Finished processing 44000 files in memory, aggregated 90122 total files so far
data/aggregated-train-neg-90122.txt aggregated
Finished processing 45000 files in memory, aggregated 95122 total files so far
Finished processing 46000 files in memory, aggregated 95122 total files so far
Finished processing 47000 files in memory, aggregated 95122 total files so far
Finished processing 48000 files in memory, aggregated 95122 total files so far
Finished processing 49000 files in memory, aggregated 95122 total files so far
data/aggregated-train-neg-95122.txt aggregated
Finished processing 50000 files in memory, aggregated 100122 total files so far
Finished processing 51000 files in memory, aggregated 100122 total files so far
Finished processing 52000 files in memory, aggregated 100122 total files so far
data/aggregated-train-neg-100122.txt aggregated
Processing 22085 files, 200 at a time in test/pos
Finished processing 0 files in memory, aggregated 102162 total files so far
Finished processing 1000 files in memory, aggregated 102162 total files so far
Finished processing 2000 files in memory, aggregated 102162 total files so far
Finished processing 3000 files in memory, aggregated 102162 total files so far
Finished processing 4000 files in memory, aggregated 102162 total files so far
data/aggregated-test-pos-102162.txt aggregated
Finished processing 5000 files in memory, aggregated 107162 total files so far
Finished processing 6000 files in memory, aggregated 107162 total files so far
Finished processing 7000 files in memory, aggregated 107162 total files so far
Finished processing 8000 files in memory, aggregated 107162 total files so far
Finished processing 9000 files in memory, aggregated 107162 total files so far
data/aggregated-test-pos-107162.txt aggregated
Finished processing 10000 files in memory, aggregated 112162 total files so far
Finished processing 11000 files in memory, aggregated 112162 total files so far
Finished processing 12000 files in memory, aggregated 112162 total files so far
Finished processing 13000 files in memory, aggregated 112162 total files so far
Finished processing 14000 files in memory, aggregated 112162 total files so far
data/aggregated-test-pos-112162.txt aggregated
Finished processing 15000 files in memory, aggregated 117162 total files so far
Finished processing 16000 files in memory, aggregated 117162 total files so far
Finished processing 17000 files in memory, aggregated 117162 total files so far
Finished processing 18000 files in memory, aggregated 117162 total files so far
Finished processing 19000 files in memory, aggregated 117162 total files so far
data/aggregated-test-pos-117162.txt aggregated
Finished processing 20000 files in memory, aggregated 122162 total files so far
Finished processing 21000 files in memory, aggregated 122162 total files so far
Finished processing 22000 files in memory, aggregated 122162 total files so far
data/aggregated-test-pos-122162.txt aggregated
Processing 23238 files, 200 at a time in test/neg
Finished processing 0 files in memory, aggregated 124247 total files so far
Finished processing 1000 files in memory, aggregated 124247 total files so far
Finished processing 2000 files in memory, aggregated 124247 total files so far
Finished processing 3000 files in memory, aggregated 124247 total files so far
Finished processing 4000 files in memory, aggregated 124247 total files so far
data/aggregated-test-neg-124247.txt aggregated
Finished processing 5000 files in memory, aggregated 129247 total files so far
Finished processing 6000 files in memory, aggregated 129247 total files so far
Finished processing 7000 files in memory, aggregated 129247 total files so far
Finished processing 8000 files in memory, aggregated 129247 total files so far
Finished processing 9000 files in memory, aggregated 129247 total files so far
data/aggregated-test-neg-129247.txt aggregated
Finished processing 10000 files in memory, aggregated 134247 total files so far
Finished processing 11000 files in memory, aggregated 134247 total files so far
Finished processing 12000 files in memory, aggregated 134247 total files so far
Finished processing 13000 files in memory, aggregated 134247 total files so far
Finished processing 14000 files in memory, aggregated 134247 total files so far
data/aggregated-test-neg-134247.txt aggregated
Finished processing 15000 files in memory, aggregated 139247 total files so far
Finished processing 16000 files in memory, aggregated 139247 total files so far
Finished processing 17000 files in memory, aggregated 139247 total files so far
Finished processing 18000 files in memory, aggregated 139247 total files so far
Finished processing 19000 files in memory, aggregated 139247 total files so far
data/aggregated-test-neg-139247.txt aggregated
Finished processing 20000 files in memory, aggregated 144247 total files so far
Finished processing 21000 files in memory, aggregated 144247 total files so far
Finished processing 22000 files in memory, aggregated 144247 total files so far
Finished processing 23000 files in memory, aggregated 144247 total files so far
data/aggregated-test-neg-144247.txt aggregated
32
alldata-id.txt aggregated
22
train-all.txt aggregated
10
test-all.txt aggregated
11
train-pos.txt aggregated
11
train-neg.txt aggregated
5
test-pos.txt aggregated
5
test-neg.txt aggregated
Processed completed
Total running time: 5495.821913719177
