string price: 2.3359429007602555
string price: 2.3359429007602555
string price: 2.3359429007602555
string price: 1.2591215623738339
string price: 1.2787003960170784
string price: 6.266887232538808
string price: 1.5002095829715556
dataset_size = 10000
labels len = 10000
experiment starting with estimators=[('union', FeatureUnion(n_jobs=1,
       transformer_list=[('linguistic', Pipeline(memory=None,
     steps=[('selector', CustomDictVectorizer(key='corpus')), ('doc2vec', Doc2VecVectorizer()), ('debug', DebugTransformer())])), ('price_history', Pipeline(memory=None,
     steps=[('selector', CustomDictVectorizer(key='price_history'))]))],
       transformer_weights={'linguistic': 1.0, 'price_history': 1.0})), ('clf', XGBClassifier(base_score=0.5, booster='gbtree', colsample_bylevel=1,
       colsample_bytree=1, gamma=0, learning_rate=0.1, max_delta_step=0,
       max_depth=3, min_child_weight=1, missing=None, n_estimators=300,
       n_jobs=1, nthread=None, objective='multi:softmax', random_state=0,
       reg_alpha=0, reg_lambda=1, scale_pos_weight=1, seed=None,
       silent=True, subsample=1))] param_dict={'clf__max_depth': array([3, 4, 5, 6, 7, 8, 9]), 'clf__min_child_weight': array([3, 4, 5, 6, 7, 8, 9]), 'clf__subsample': array([0.5, 0.6, 0.7, 0.8, 0.9]), 'clf__colsample_bytree': array([0.5, 0.6, 0.7, 0.8, 0.9])}
10000
10000
Process ForkPoolWorker-22:
Traceback (most recent call last):
  File "/anaconda3/lib/python3.6/multiprocessing/process.py", line 258, in _bootstrap
    self.run()
  File "/anaconda3/lib/python3.6/multiprocessing/process.py", line 93, in run
    self._target(*self._args, **self._kwargs)
  File "/anaconda3/lib/python3.6/multiprocessing/pool.py", line 108, in worker
    task = get()
  File "/anaconda3/lib/python3.6/site-packages/sklearn/externals/joblib/pool.py", line 362, in get
    return recv()
  File "/anaconda3/lib/python3.6/multiprocessing/connection.py", line 250, in recv
    buf = self._recv_bytes()
  File "/anaconda3/lib/python3.6/multiprocessing/connection.py", line 411, in _recv_bytes
    return self._recv(size)
  File "/anaconda3/lib/python3.6/multiprocessing/connection.py", line 386, in _recv
    buf.write(chunk)
MemoryError
Process ForkPoolWorker-26:
Traceback (most recent call last):
  File "/anaconda3/lib/python3.6/multiprocessing/process.py", line 258, in _bootstrap
    self.run()
  File "/anaconda3/lib/python3.6/multiprocessing/process.py", line 93, in run
    self._target(*self._args, **self._kwargs)
  File "/anaconda3/lib/python3.6/multiprocessing/pool.py", line 108, in worker
    task = get()
  File "/anaconda3/lib/python3.6/site-packages/sklearn/externals/joblib/pool.py", line 362, in get
    return recv()
  File "/anaconda3/lib/python3.6/multiprocessing/connection.py", line 250, in recv
    buf = self._recv_bytes()
  File "/anaconda3/lib/python3.6/multiprocessing/connection.py", line 411, in _recv_bytes
    return self._recv(size)
  File "/anaconda3/lib/python3.6/multiprocessing/connection.py", line 386, in _recv
    buf.write(chunk)
MemoryError
